[2022-08-21 02:27:23] [32minfo[39m     newPage ok
[2022-08-21 02:27:23] [32minfo[39m     newPage ok
[2022-08-21 02:28:51] [32minfo[39m     newPage ok
[2022-08-21 02:29:03] [32minfo[39m     newPost start
[2022-08-21 02:29:03] [33mwarn[39m     post error
[2022-08-21 02:29:03] [32minfo[39m     newPost ok
[2022-08-21 02:31:35] [32minfo[39m     newPost start
[2022-08-21 02:31:35] [33mwarn[39m     post error
[2022-08-21 02:31:35] [32minfo[39m     newPost ok
[2022-08-21 02:33:26] [32minfo[39m     newPost start
[2022-08-21 02:33:26] [33mwarn[39m     post error
[2022-08-21 02:33:26] [32minfo[39m     newPost ok
[2022-08-21 04:37:23] [32minfo[39m     newPage ok
[8/21/2022, 1:50:54 PM] [32minfo[39m     newPage ok
[8/21/2022, 1:50:54 PM] [32minfo[39m     newPage ok
[8/21/2022, 1:51:21 PM] [32minfo[39m     newPost start
[8/21/2022, 1:51:21 PM] [33mwarn[39m     post error
[8/21/2022, 1:51:21 PM] [32minfo[39m     newPost ok
[8/21/2022, 1:53:38 PM] [32minfo[39m     newPost start
[8/21/2022, 1:53:38 PM] [33mwarn[39m     post error
[8/21/2022, 1:53:38 PM] [32minfo[39m     newPost ok
[8/21/2022, 1:53:43 PM] [32minfo[39m     newPost start
[8/21/2022, 1:53:43 PM] [33mwarn[39m     post error
[8/21/2022, 1:53:43 PM] [32minfo[39m     newPost ok
[8/21/2022, 1:54:54 PM] [32minfo[39m     newPost start
[8/21/2022, 1:54:54 PM] [32minfo[39m     newPost ok
[8/21/2022, 1:56:03 PM] [32minfo[39m     newPost start
[8/21/2022, 1:56:03 PM] [33mwarn[39m     post error
[8/21/2022, 1:56:03 PM] [32minfo[39m     newPost ok
[8/21/2022, 1:56:49 PM] [32minfo[39m     newPost start
[8/21/2022, 1:56:49 PM] [33mwarn[39m     post error
[8/21/2022, 1:56:49 PM] [32minfo[39m     newPost ok
[8/21/2022, 1:57:09 PM] [32minfo[39m     newPost start
[8/21/2022, 1:57:09 PM] [33mwarn[39m     post error
[8/21/2022, 1:57:09 PM] [32minfo[39m     newPost ok
[8/21/2022, 1:57:16 PM] [32minfo[39m     newPage ok
[8/21/2022, 1:57:17 PM] [32minfo[39m     newPage ok
[8/21/2022, 1:57:30 PM] [32minfo[39m     newPost start
[8/21/2022, 1:57:30 PM] [33mwarn[39m     post error
[8/21/2022, 1:57:30 PM] [32minfo[39m     newPost ok
[8/21/2022, 1:58:06 PM] [32minfo[39m     newPost start
[8/21/2022, 1:58:06 PM] [33mwarn[39m     post error
[8/21/2022, 1:58:06 PM] [32minfo[39m     newPost ok
[8/21/2022, 1:58:54 PM] [32minfo[39m     newPage ok
[8/21/2022, 1:58:54 PM] [32minfo[39m     newPage ok
[8/21/2022, 1:58:56 PM] [32minfo[39m     newPost start
[8/21/2022, 1:58:56 PM] [33mwarn[39m     post error
[8/21/2022, 1:58:56 PM] [32minfo[39m     newPost ok
[8/21/2022, 1:59:32 PM] [32minfo[39m     newPage ok
[8/21/2022, 1:59:32 PM] [32minfo[39m     newPage ok
[8/21/2022, 2:00:04 PM] [32minfo[39m     newPage ok
[8/21/2022, 2:00:04 PM] [32minfo[39m     newPage ok
[8/21/2022, 2:00:25 PM] [32minfo[39m     newPost start
[8/21/2022, 2:00:25 PM] [33mwarn[39m     post error
[8/21/2022, 2:00:25 PM] [32minfo[39m     newPost ok
[8/21/2022, 2:05:38 PM] [32minfo[39m     newPost start
[8/21/2022, 2:05:38 PM] [33mwarn[39m     post error
[8/21/2022, 2:05:38 PM] [32minfo[39m     newPost ok
[8/21/2022, 2:06:23 PM] [32minfo[39m     newPage ok
[8/21/2022, 2:06:23 PM] [32minfo[39m     newPage ok
[8/21/2022, 2:06:36 PM] [32minfo[39m     newPost start
[8/21/2022, 2:06:36 PM] [33mwarn[39m     post error
[8/21/2022, 2:06:36 PM] [32minfo[39m     newPost ok
[8/21/2022, 2:09:44 PM] [32minfo[39m     newPost start
[8/21/2022, 2:09:44 PM] [33mwarn[39m     post error
[8/21/2022, 2:09:44 PM] [32minfo[39m     newPost ok
[8/21/2022, 2:15:27 PM] [32minfo[39m     newPost start
[8/21/2022, 2:15:27 PM] [33mwarn[39m     post error
[8/21/2022, 2:15:27 PM] [32minfo[39m     newPost ok
[8/21/2022, 2:16:49 PM] [32minfo[39m     newPost start
[8/21/2022, 2:16:49 PM] [33mwarn[39m     post error
[8/21/2022, 2:16:49 PM] [32minfo[39m     newPost ok
[8/21/2022, 2:16:54 PM] [32minfo[39m     newPage ok
[8/21/2022, 2:16:59 PM] [32minfo[39m     newPage ok
[8/21/2022, 2:17:04 PM] [32minfo[39m     newPost start
[8/21/2022, 2:17:04 PM] [33mwarn[39m     post error
[8/21/2022, 2:17:04 PM] [32minfo[39m     newPost ok
[8/21/2022, 2:18:03 PM] [32minfo[39m     newPage ok
[8/21/2022, 2:18:03 PM] [32minfo[39m     newPage ok
[8/21/2022, 2:18:10 PM] [32minfo[39m     newPost start
[8/21/2022, 2:18:10 PM] [33mwarn[39m     post error
[8/21/2022, 2:18:10 PM] [32minfo[39m     newPost ok
[8/21/2022, 2:20:34 PM] [32minfo[39m     newPost start
[8/21/2022, 2:20:34 PM] [33mwarn[39m     post error
[8/21/2022, 2:20:34 PM] [32minfo[39m     newPost ok
[8/21/2022, 2:22:47 PM] [32minfo[39m     newPage ok
[8/21/2022, 2:22:48 PM] [32minfo[39m     newPage ok
[8/21/2022, 2:22:56 PM] [32minfo[39m     newPost start
[8/21/2022, 2:22:56 PM] [33mwarn[39m     post error
[8/21/2022, 2:22:56 PM] [32minfo[39m     newPost ok
[8/21/2022, 2:30:01 PM] [32minfo[39m     newPage ok
[8/21/2022, 2:30:01 PM] [32minfo[39m     newPage ok
[8/21/2022, 2:30:11 PM] [32minfo[39m     newPage ok
[8/21/2022, 2:32:19 PM] [32minfo[39m     newPage ok
[8/21/2022, 2:32:19 PM] [32minfo[39m     newPage ok
[8/21/2022, 2:32:26 PM] [32minfo[39m     newPage ok
[8/21/2022, 2:32:38 PM] [32minfo[39m     newPage ok
[8/21/2022, 2:33:21 PM] [32minfo[39m     newPost start
[8/21/2022, 2:33:21 PM] [33mwarn[39m     post error
[8/21/2022, 2:33:21 PM] [32minfo[39m     newPost ok
[8/21/2022, 2:34:08 PM] [32minfo[39m     newPost start
[8/21/2022, 2:34:08 PM] [32minfo[39m     newPost ok
[8/21/2022, 2:35:06 PM] [32minfo[39m     newPost start
[8/21/2022, 2:35:06 PM] [32minfo[39m     newPost ok
[8/21/2022, 2:35:21 PM] [32minfo[39m     tasks start
[8/21/2022, 2:35:21 PM] [32minfo[39m     tasks get ok
[8/21/2022, 2:44:40 PM] [32minfo[39m     tasks start
[8/21/2022, 2:44:40 PM] [32minfo[39m     tasks start
[8/21/2022, 2:44:40 PM] [32minfo[39m     tasks get ok
[8/21/2022, 2:44:45 PM] [32minfo[39m     tasks get ok
[8/21/2022, 2:47:22 PM] [32minfo[39m     tasks start
[8/21/2022, 2:47:22 PM] [32minfo[39m     tasks get ok
[8/21/2022, 2:47:22 PM] [32minfo[39m     tasks start
[8/21/2022, 2:47:22 PM] [32minfo[39m     tasks get ok
[8/21/2022, 2:47:42 PM] [32minfo[39m     tasks start
[8/21/2022, 2:47:42 PM] [32minfo[39m     tasks get ok
[8/21/2022, 2:47:42 PM] [32minfo[39m     tasks start
[8/21/2022, 2:47:42 PM] [32minfo[39m     tasks get ok
[8/21/2022, 2:47:49 PM] [32minfo[39m     tasks start
[8/21/2022, 2:47:49 PM] [32minfo[39m     tasks get ok
[8/21/2022, 2:49:39 PM] [32minfo[39m     tasks start
[8/21/2022, 2:49:39 PM] [32minfo[39m     tasks start
[8/21/2022, 2:49:39 PM] [32minfo[39m     tasks get ok
[8/21/2022, 2:49:39 PM] [32minfo[39m     tasks get ok
[8/21/2022, 2:49:48 PM] [32minfo[39m     tasks start
[8/21/2022, 2:49:48 PM] [32minfo[39m     tasks get ok
[8/21/2022, 2:50:37 PM] [32minfo[39m     tasks start
[8/21/2022, 2:50:37 PM] [32minfo[39m     tasks get ok
[8/21/2022, 2:50:43 PM] [32minfo[39m     tasks start
[8/21/2022, 2:50:43 PM] [32minfo[39m     tasks get ok
[8/21/2022, 2:50:48 PM] [32minfo[39m     tasks start
[8/21/2022, 2:50:48 PM] [32minfo[39m     tasks get ok
[8/21/2022, 2:51:11 PM] [32minfo[39m     tasks start
[8/21/2022, 2:51:11 PM] [32minfo[39m     tasks get ok
[8/21/2022, 2:51:36 PM] [32minfo[39m     tasks start
[8/21/2022, 2:51:36 PM] [32minfo[39m     tasks get ok
[8/21/2022, 2:51:36 PM] [32minfo[39m     tasks start
[8/21/2022, 2:51:36 PM] [32minfo[39m     tasks get ok
[8/21/2022, 2:53:05 PM] [32minfo[39m     tasks start
[8/21/2022, 2:53:05 PM] [32minfo[39m     tasks get ok
[8/21/2022, 2:53:05 PM] [32minfo[39m     tasks start
[8/21/2022, 2:53:05 PM] [32minfo[39m     tasks get ok
[8/21/2022, 3:04:07 PM] [32minfo[39m     tasks start
[8/21/2022, 3:04:07 PM] [32minfo[39m     tasks start
[8/21/2022, 3:04:12 PM] [32minfo[39m     tasks get ok
[8/21/2022, 3:04:12 PM] [32minfo[39m     tasks get ok
[8/21/2022, 3:04:13 PM] [32minfo[39m     delete start
[8/21/2022, 3:04:13 PM] [32minfo[39m     delete start
[8/21/2022, 3:04:13 PM] [32minfo[39m     delete start
[8/21/2022, 3:04:13 PM] [32minfo[39m     delete start
[8/21/2022, 3:04:13 PM] [32minfo[39m     delete start
[8/21/2022, 3:04:13 PM] [32minfo[39m     delete start
[8/21/2022, 3:04:13 PM] [32minfo[39m     del 3 ok
[8/21/2022, 3:04:13 PM] [32minfo[39m     del 2 ok
[8/21/2022, 3:04:13 PM] [32minfo[39m     del 5 ok
[8/21/2022, 3:04:13 PM] [32minfo[39m     del 1 ok
[8/21/2022, 3:04:13 PM] [32minfo[39m     delete start
[8/21/2022, 3:04:13 PM] [32minfo[39m     delete start
[8/21/2022, 3:04:13 PM] [32minfo[39m     del 7 ok
[8/21/2022, 3:04:13 PM] [32minfo[39m     delete start
[8/21/2022, 3:04:13 PM] [32minfo[39m     delete start
[8/21/2022, 3:04:13 PM] [32minfo[39m     delete start
[8/21/2022, 3:08:10 PM] [32minfo[39m     newPage ok
[8/21/2022, 3:09:38 PM] [32minfo[39m     tasks start
[8/21/2022, 3:09:43 PM] [32minfo[39m     tasks get ok
[8/21/2022, 3:10:04 PM] [32minfo[39m     newPage ok
[8/21/2022, 3:10:05 PM] [32minfo[39m     tasks start
[8/21/2022, 3:10:05 PM] [32minfo[39m     tasks get ok
[8/21/2022, 3:10:07 PM] [32minfo[39m     newPage ok
[8/21/2022, 3:10:32 PM] [32minfo[39m     newPost start
[8/21/2022, 3:10:32 PM] [33mwarn[39m     post error
[8/21/2022, 3:10:32 PM] [32minfo[39m     newPost ok
[8/21/2022, 3:11:15 PM] [32minfo[39m     newPage ok
[8/21/2022, 3:11:19 PM] [32minfo[39m     tasks start
[8/21/2022, 3:11:19 PM] [32minfo[39m     tasks get ok
[8/21/2022, 3:11:21 PM] [32minfo[39m     newPage ok
[8/21/2022, 3:11:31 PM] [32minfo[39m     newPost start
[8/21/2022, 3:11:31 PM] [33mwarn[39m     post error
[8/21/2022, 3:11:31 PM] [32minfo[39m     newPost ok
[8/21/2022, 3:13:56 PM] [32minfo[39m     newPage ok
[8/21/2022, 3:13:56 PM] [32minfo[39m     newPage ok
[8/21/2022, 3:18:37 PM] [32minfo[39m     tasks start
[8/21/2022, 3:18:37 PM] [32minfo[39m     tasks get ok
[8/21/2022, 3:18:39 PM] [32minfo[39m     tasks start
[8/21/2022, 3:18:39 PM] [32minfo[39m     tasks get ok
[8/21/2022, 3:18:47 PM] [32minfo[39m     newPage ok
[8/21/2022, 3:19:23 PM] [32minfo[39m     tasks start
[8/21/2022, 3:19:23 PM] [32minfo[39m     tasks get ok
[8/21/2022, 3:19:25 PM] [32minfo[39m     newPage ok
[8/21/2022, 3:19:25 PM] [32minfo[39m     tasks start
[8/21/2022, 3:19:25 PM] [32minfo[39m     tasks get ok
[8/21/2022, 3:19:28 PM] [32minfo[39m     tasks start
[8/21/2022, 3:19:28 PM] [32minfo[39m     tasks get ok
[8/21/2022, 3:19:30 PM] [32minfo[39m     newPage ok
[8/21/2022, 3:20:03 PM] [32minfo[39m     newPost start
[8/21/2022, 3:20:03 PM] [32minfo[39m     newPost ok
[8/21/2022, 3:20:11 PM] [32minfo[39m     newPost start
[8/21/2022, 3:20:11 PM] [32minfo[39m     newPost ok
[8/21/2022, 3:20:14 PM] [32minfo[39m     tasks start
[8/21/2022, 3:20:14 PM] [32minfo[39m     tasks get ok
[8/21/2022, 3:22:57 PM] [32minfo[39m     tasks start
[8/21/2022, 3:22:57 PM] [32minfo[39m     tasks get ok
[8/21/2022, 3:31:08 PM] [32minfo[39m     tasks start
[8/21/2022, 3:31:08 PM] [32minfo[39m     tasks start
[8/21/2022, 3:31:08 PM] [32minfo[39m     tasks get ok
[8/21/2022, 3:31:13 PM] [32minfo[39m     tasks get ok
[8/21/2022, 3:34:00 PM] [32minfo[39m     tasks start
[8/21/2022, 3:34:00 PM] [32minfo[39m     tasks start
[8/21/2022, 3:34:00 PM] [32minfo[39m     tasks get ok
[8/21/2022, 3:34:00 PM] [32minfo[39m     tasks get ok
[8/21/2022, 3:34:14 PM] [32minfo[39m     newPage ok
[8/21/2022, 3:34:18 PM] [32minfo[39m     tasks start
[8/21/2022, 3:34:18 PM] [32minfo[39m     tasks get ok
[8/21/2022, 3:34:21 PM] [32minfo[39m     newPage ok
[8/21/2022, 3:34:23 PM] [32minfo[39m     tasks start
[8/21/2022, 3:34:23 PM] [32minfo[39m     tasks get ok
[8/21/2022, 3:34:23 PM] [32minfo[39m     newPage ok
[8/21/2022, 3:34:25 PM] [32minfo[39m     tasks start
[8/21/2022, 3:34:25 PM] [32minfo[39m     tasks get ok
[8/21/2022, 3:34:28 PM] [32minfo[39m     newPage ok
[8/21/2022, 3:34:30 PM] [32minfo[39m     tasks start
[8/21/2022, 3:34:30 PM] [32minfo[39m     tasks get ok
[8/21/2022, 3:38:41 PM] [32minfo[39m     tasks start
[8/21/2022, 3:38:41 PM] [32minfo[39m     tasks get ok
[8/21/2022, 3:42:07 PM] [32minfo[39m     newPage ok
[8/21/2022, 3:42:11 PM] [32minfo[39m     tasks start
[8/21/2022, 3:42:11 PM] [32minfo[39m     tasks get ok
[8/21/2022, 3:42:16 PM] [32minfo[39m     newPage ok
[8/21/2022, 3:42:17 PM] [32minfo[39m     tasks start
[8/21/2022, 3:42:17 PM] [32minfo[39m     tasks get ok
[8/21/2022, 3:42:18 PM] [32minfo[39m     newPage ok
[8/21/2022, 3:42:20 PM] [32minfo[39m     tasks start
[8/21/2022, 3:42:20 PM] [32minfo[39m     tasks get ok
[8/21/2022, 3:42:21 PM] [32minfo[39m     newPage ok
[8/21/2022, 3:42:22 PM] [32minfo[39m     tasks start
[8/21/2022, 3:42:22 PM] [32minfo[39m     tasks get ok
[8/21/2022, 3:42:23 PM] [32minfo[39m     newPage ok
[8/21/2022, 3:42:24 PM] [32minfo[39m     tasks start
[8/21/2022, 3:42:24 PM] [32minfo[39m     tasks get ok
[8/21/2022, 4:28:24 PM] [32minfo[39m     tasks start
[8/21/2022, 4:28:24 PM] [32minfo[39m     tasks get ok
[8/21/2022, 4:29:41 PM] [32minfo[39m     taskPage start
[8/21/2022, 4:29:41 PM] [32minfo[39m     get 10 ok
[8/21/2022, 4:30:25 PM] [32minfo[39m     tasks start
[8/21/2022, 4:30:25 PM] [32minfo[39m     tasks get ok
[8/21/2022, 4:36:33 PM] [32minfo[39m     tasks start
[8/21/2022, 4:36:33 PM] [32minfo[39m     tasks start
[8/21/2022, 4:36:33 PM] [32minfo[39m     tasks get ok
[8/21/2022, 4:36:33 PM] [32minfo[39m     tasks get ok
[8/21/2022, 4:37:26 PM] [32minfo[39m     tasks start
[8/21/2022, 4:37:26 PM] [32minfo[39m     tasks start
[8/21/2022, 4:37:26 PM] [32minfo[39m     tasks get ok
[8/21/2022, 4:37:26 PM] [32minfo[39m     tasks get ok
[8/21/2022, 4:40:18 PM] [32minfo[39m     tasks start
[8/21/2022, 4:40:18 PM] [32minfo[39m     tasks get ok
[8/21/2022, 4:40:21 PM] [32minfo[39m     tasks start
[8/21/2022, 4:40:21 PM] [32minfo[39m     tasks get ok
[8/21/2022, 4:41:05 PM] [32minfo[39m     tasks start
[8/21/2022, 4:41:05 PM] [32minfo[39m     tasks get ok
[8/21/2022, 4:41:59 PM] [32minfo[39m     tasks start
[8/21/2022, 4:41:59 PM] [32minfo[39m     tasks start
[8/21/2022, 4:41:59 PM] [32minfo[39m     tasks get ok
[8/21/2022, 4:41:59 PM] [32minfo[39m     tasks get ok
[8/21/2022, 4:45:17 PM] [32minfo[39m     tasks start
[8/21/2022, 4:45:17 PM] [32minfo[39m     tasks get ok
[8/21/2022, 4:45:51 PM] [32minfo[39m     tasks start
[8/21/2022, 4:45:51 PM] [32minfo[39m     tasks get ok
[8/21/2022, 4:52:59 PM] [32minfo[39m     tasks start
[8/21/2022, 4:53:04 PM] [32minfo[39m     tasks get ok
[8/21/2022, 4:53:32 PM] [32minfo[39m     taskPage start
[8/21/2022, 4:53:32 PM] [32minfo[39m     get 9 ok
[8/21/2022, 4:59:14 PM] [32minfo[39m     tasks start
[8/21/2022, 4:59:19 PM] [32minfo[39m     tasks get ok
[8/21/2022, 4:59:26 PM] [32minfo[39m     taskPage start
[8/21/2022, 4:59:26 PM] [32minfo[39m     get 9 ok
[8/21/2022, 4:59:28 PM] [32minfo[39m     tasks start
[8/21/2022, 4:59:28 PM] [32minfo[39m     tasks get ok
[8/21/2022, 4:59:30 PM] [32minfo[39m     taskPage start
[8/21/2022, 4:59:30 PM] [32minfo[39m     get 9 ok
[8/21/2022, 4:59:31 PM] [32minfo[39m     tasks start
[8/21/2022, 4:59:31 PM] [32minfo[39m     tasks get ok
[8/21/2022, 4:59:32 PM] [32minfo[39m     taskPage start
[8/21/2022, 4:59:32 PM] [32minfo[39m     get 10 ok
[8/21/2022, 4:59:34 PM] [32minfo[39m     tasks start
[8/21/2022, 4:59:34 PM] [32minfo[39m     tasks get ok
[8/21/2022, 4:59:36 PM] [32minfo[39m     taskPage start
[8/21/2022, 4:59:36 PM] [32minfo[39m     get 13 ok
[8/21/2022, 4:59:38 PM] [32minfo[39m     tasks start
[8/21/2022, 4:59:38 PM] [32minfo[39m     tasks get ok
[8/21/2022, 4:59:39 PM] [32minfo[39m     taskPage start
[8/21/2022, 4:59:39 PM] [32minfo[39m     get 14 ok
[8/21/2022, 4:59:41 PM] [32minfo[39m     tasks start
[8/21/2022, 4:59:41 PM] [32minfo[39m     tasks get ok
[8/21/2022, 4:59:48 PM] [32minfo[39m     newPage ok
[8/21/2022, 5:01:54 PM] [32minfo[39m     newPost start
[8/21/2022, 5:01:54 PM] [32minfo[39m     newPost ok
[8/21/2022, 5:02:08 PM] [32minfo[39m     tasks start
[8/21/2022, 5:02:08 PM] [32minfo[39m     tasks get ok
[8/21/2022, 5:02:13 PM] [32minfo[39m     taskPage start
[8/21/2022, 5:02:13 PM] [32minfo[39m     get 15 ok
[8/21/2022, 5:02:14 PM] [32minfo[39m     tasks start
[8/21/2022, 5:02:14 PM] [32minfo[39m     tasks get ok
[8/21/2022, 5:12:39 PM] [32minfo[39m     taskPage start
[8/21/2022, 5:12:44 PM] [32minfo[39m     get 9 ok
[8/21/2022, 5:14:07 PM] [32minfo[39m     put start
[8/21/2022, 5:14:07 PM] [33mwarn[39m     put warn
[8/21/2022, 5:14:07 PM] [32minfo[39m     put new ok
[8/21/2022, 5:15:03 PM] [32minfo[39m     taskPage start
[8/21/2022, 5:15:03 PM] [32minfo[39m     get 9 ok
[8/21/2022, 5:15:03 PM] [32minfo[39m     taskPage start
[8/21/2022, 5:15:03 PM] [32minfo[39m     get 9 ok
[8/21/2022, 5:15:13 PM] [32minfo[39m     put start
[8/21/2022, 5:15:13 PM] [33mwarn[39m     put warn
[8/21/2022, 5:15:13 PM] [32minfo[39m     put undefined ok
[8/21/2022, 5:16:09 PM] [32minfo[39m     tasks start
[8/21/2022, 5:16:09 PM] [32minfo[39m     tasks get ok
[8/21/2022, 5:16:11 PM] [32minfo[39m     taskPage start
[8/21/2022, 5:16:12 PM] [32minfo[39m     get 9 ok
[8/21/2022, 5:16:32 PM] [32minfo[39m     taskPage start
[8/21/2022, 5:16:32 PM] [32minfo[39m     get 9 ok
[8/21/2022, 5:16:44 PM] [32minfo[39m     put start
[8/21/2022, 5:16:44 PM] [32minfo[39m     put 9 ok
[8/21/2022, 5:16:48 PM] [32minfo[39m     tasks start
[8/21/2022, 5:16:48 PM] [32minfo[39m     tasks get ok
[8/21/2022, 5:16:50 PM] [32minfo[39m     taskPage start
[8/21/2022, 5:16:50 PM] [32minfo[39m     get 9 ok
[8/21/2022, 5:16:51 PM] [32minfo[39m     tasks start
[8/21/2022, 5:16:51 PM] [32minfo[39m     tasks get ok
[8/21/2022, 5:16:52 PM] [32minfo[39m     taskPage start
[8/21/2022, 5:16:52 PM] [32minfo[39m     get 10 ok
[8/21/2022, 5:16:53 PM] [32minfo[39m     tasks start
[8/21/2022, 5:16:53 PM] [32minfo[39m     tasks get ok
[8/21/2022, 5:16:55 PM] [32minfo[39m     taskPage start
[8/21/2022, 5:16:55 PM] [32minfo[39m     get 13 ok
[8/21/2022, 5:16:59 PM] [32minfo[39m     tasks start
[8/21/2022, 5:16:59 PM] [32minfo[39m     tasks get ok
[8/21/2022, 5:17:01 PM] [32minfo[39m     taskPage start
[8/21/2022, 5:17:01 PM] [32minfo[39m     get 14 ok
[8/21/2022, 5:17:03 PM] [32minfo[39m     tasks start
[8/21/2022, 5:17:03 PM] [32minfo[39m     tasks get ok
[8/21/2022, 5:17:05 PM] [32minfo[39m     taskPage start
[8/21/2022, 5:17:05 PM] [32minfo[39m     get 15 ok
[8/21/2022, 5:17:07 PM] [32minfo[39m     tasks start
[8/21/2022, 5:17:07 PM] [32minfo[39m     tasks get ok
[8/21/2022, 5:25:45 PM] [32minfo[39m     tasks start
[8/21/2022, 5:25:45 PM] [32minfo[39m     tasks start
[8/21/2022, 5:25:45 PM] [32minfo[39m     tasks get ok
[8/21/2022, 5:25:45 PM] [32minfo[39m     tasks get ok
[8/21/2022, 5:26:10 PM] [32minfo[39m     taskPage start
[8/21/2022, 5:26:10 PM] [32minfo[39m     get 10 ok
[8/21/2022, 5:26:12 PM] [32minfo[39m     tasks start
[8/21/2022, 5:26:12 PM] [32minfo[39m     tasks get ok
[8/21/2022, 5:26:14 PM] [32minfo[39m     delete start
[8/21/2022, 5:26:14 PM] [32minfo[39m     del 10 ok
[8/21/2022, 5:26:18 PM] [32minfo[39m     tasks start
[8/21/2022, 5:26:18 PM] [32minfo[39m     tasks get ok
[8/21/2022, 5:37:53 PM] [32minfo[39m     tasks start
[8/21/2022, 5:37:53 PM] [32minfo[39m     tasks get ok
[8/21/2022, 5:38:06 PM] [32minfo[39m     taskPage start
[8/21/2022, 5:38:06 PM] [32minfo[39m     get 9 ok
[8/21/2022, 5:38:15 PM] [32minfo[39m     put start
[8/21/2022, 5:38:15 PM] [32minfo[39m     put 9 ok
[8/21/2022, 5:38:22 PM] [32minfo[39m     tasks start
[8/21/2022, 5:38:22 PM] [32minfo[39m     tasks get ok
[8/21/2022, 5:38:24 PM] [32minfo[39m     taskPage start
[8/21/2022, 5:38:24 PM] [32minfo[39m     get 9 ok
[8/21/2022, 5:38:25 PM] [32minfo[39m     tasks start
[8/21/2022, 5:38:25 PM] [32minfo[39m     tasks get ok
[8/21/2022, 5:38:33 PM] [32minfo[39m     taskPage start
[8/21/2022, 5:38:33 PM] [32minfo[39m     get 13 ok
[8/21/2022, 5:38:42 PM] [32minfo[39m     tasks start
[8/21/2022, 5:38:42 PM] [32minfo[39m     tasks get ok
[8/21/2022, 5:45:43 PM] [32minfo[39m     newPage ok
[8/21/2022, 5:46:13 PM] [32minfo[39m     newPost start
[8/21/2022, 5:46:13 PM] [32minfo[39m     newPost ok
[8/21/2022, 5:46:20 PM] [32minfo[39m     tasks start
[8/21/2022, 5:46:20 PM] [32minfo[39m     tasks get ok
[8/21/2022, 5:46:38 PM] [32minfo[39m     newPage ok
[8/21/2022, 5:46:42 PM] [32minfo[39m     tasks start
[8/21/2022, 5:46:42 PM] [32minfo[39m     tasks get ok
[8/21/2022, 5:46:43 PM] [32minfo[39m     newPage ok
[8/21/2022, 5:46:43 PM] [32minfo[39m     tasks start
[8/21/2022, 5:46:43 PM] [32minfo[39m     tasks get ok
[8/21/2022, 5:46:46 PM] [32minfo[39m     taskPage start
[8/21/2022, 5:46:46 PM] [32minfo[39m     get 9 ok
[8/21/2022, 5:46:49 PM] [32minfo[39m     tasks start
[8/21/2022, 5:46:49 PM] [32minfo[39m     tasks get ok
[8/21/2022, 5:46:50 PM] [32minfo[39m     newPage ok
[8/21/2022, 5:46:50 PM] [32minfo[39m     tasks start
[8/21/2022, 5:46:50 PM] [32minfo[39m     tasks get ok
[8/21/2022, 5:46:52 PM] [32minfo[39m     newPage ok
[8/21/2022, 5:46:54 PM] [32minfo[39m     tasks start
[8/21/2022, 5:46:54 PM] [32minfo[39m     tasks get ok
[8/21/2022, 5:46:57 PM] [32minfo[39m     newPage ok
[8/21/2022, 5:46:58 PM] [32minfo[39m     tasks start
[8/21/2022, 5:46:58 PM] [32minfo[39m     tasks get ok
[8/21/2022, 5:46:59 PM] [32minfo[39m     newPage ok
[8/21/2022, 5:47:00 PM] [32minfo[39m     tasks start
[8/21/2022, 5:47:00 PM] [32minfo[39m     tasks get ok
[8/21/2022, 5:47:04 PM] [32minfo[39m     newPage ok
[8/21/2022, 5:47:05 PM] [32minfo[39m     tasks start
[8/21/2022, 5:47:05 PM] [32minfo[39m     tasks get ok
[8/21/2022, 7:22:26 PM] [32minfo[39m     tasks start
[8/21/2022, 7:22:26 PM] [32minfo[39m     tasks get ok
[8/21/2022, 7:22:30 PM] [32minfo[39m     newPage ok
[8/21/2022, 7:22:33 PM] [32minfo[39m     tasks start
[8/21/2022, 7:22:33 PM] [32minfo[39m     tasks get ok
[8/21/2022, 7:22:37 PM] [32minfo[39m     newPage ok
[8/21/2022, 7:22:38 PM] [32minfo[39m     tasks start
[8/21/2022, 7:22:38 PM] [32minfo[39m     tasks get ok
[8/21/2022, 7:22:39 PM] [32minfo[39m     newPage ok
[8/21/2022, 7:22:40 PM] [32minfo[39m     tasks start
[8/21/2022, 7:22:40 PM] [32minfo[39m     tasks get ok
[8/21/2022, 7:22:41 PM] [32minfo[39m     newPage ok
[8/21/2022, 7:22:42 PM] [32minfo[39m     tasks start
[8/21/2022, 7:22:42 PM] [32minfo[39m     tasks get ok
[8/21/2022, 7:22:43 PM] [32minfo[39m     newPage ok
[8/21/2022, 7:22:45 PM] [32minfo[39m     tasks start
[8/21/2022, 7:22:45 PM] [32minfo[39m     tasks get ok
[8/21/2022, 7:22:47 PM] [32minfo[39m     newPage ok
[8/21/2022, 7:22:48 PM] [32minfo[39m     tasks start
[8/21/2022, 7:22:48 PM] [32minfo[39m     tasks get ok
[8/21/2022, 7:22:49 PM] [32minfo[39m     newPage ok
[8/21/2022, 7:22:50 PM] [32minfo[39m     tasks start
[8/21/2022, 7:22:50 PM] [32minfo[39m     tasks get ok
[8/21/2022, 7:22:51 PM] [32minfo[39m     newPage ok
[8/21/2022, 7:22:53 PM] [32minfo[39m     tasks start
[8/21/2022, 7:22:53 PM] [32minfo[39m     tasks get ok
[8/21/2022, 7:22:54 PM] [32minfo[39m     taskPage start
[8/21/2022, 7:22:54 PM] [32minfo[39m     get 9 ok
[8/21/2022, 7:22:56 PM] [32minfo[39m     tasks start
[8/21/2022, 7:22:56 PM] [32minfo[39m     tasks get ok
[8/21/2022, 7:22:57 PM] [32minfo[39m     taskPage start
[8/21/2022, 7:22:57 PM] [32minfo[39m     get 9 ok
[8/21/2022, 7:22:57 PM] [32minfo[39m     tasks start
[8/21/2022, 7:22:57 PM] [32minfo[39m     tasks get ok
[8/21/2022, 7:22:58 PM] [32minfo[39m     newPage ok
[8/21/2022, 7:23:01 PM] [32minfo[39m     tasks start
[8/21/2022, 7:23:01 PM] [32minfo[39m     tasks get ok
[8/21/2022, 7:23:11 PM] [32minfo[39m     tasks start
[8/21/2022, 7:23:11 PM] [32minfo[39m     tasks get ok
[8/21/2022, 7:23:26 PM] [32minfo[39m     taskPage start
[8/21/2022, 7:23:26 PM] [32minfo[39m     get 9 ok
[8/21/2022, 7:23:28 PM] [32minfo[39m     tasks start
[8/21/2022, 7:23:28 PM] [32minfo[39m     tasks get ok
[8/21/2022, 7:33:52 PM] [32minfo[39m     tasks start
[8/21/2022, 7:33:52 PM] [32minfo[39m     tasks get ok
[8/21/2022, 7:33:52 PM] [32minfo[39m     tasks start
[8/21/2022, 7:33:52 PM] [32minfo[39m     tasks get ok
[8/21/2022, 7:52:06 PM] [32minfo[39m     tasks start
[8/21/2022, 7:52:06 PM] [32minfo[39m     tasks start
[8/21/2022, 7:52:11 PM] [32minfo[39m     tasks get ok
[8/21/2022, 7:52:11 PM] [32minfo[39m     tasks get ok
[8/21/2022, 7:52:30 PM] [32minfo[39m     tasks start
[8/21/2022, 7:52:30 PM] [32minfo[39m     tasks start
[8/21/2022, 7:52:30 PM] [32minfo[39m     tasks get ok
[8/21/2022, 7:52:30 PM] [32minfo[39m     tasks get ok
[8/21/2022, 7:52:50 PM] [32minfo[39m     tasks start
[8/21/2022, 7:52:50 PM] [32minfo[39m     tasks get ok
[8/21/2022, 7:52:58 PM] [32minfo[39m     newPage ok
[8/21/2022, 7:53:05 PM] [32minfo[39m     tasks start
[8/21/2022, 7:53:05 PM] [32minfo[39m     tasks get ok
[8/21/2022, 7:53:06 PM] [32minfo[39m     newPage ok
[8/21/2022, 7:53:07 PM] [32minfo[39m     tasks start
[8/21/2022, 7:53:07 PM] [32minfo[39m     tasks get ok
[8/21/2022, 7:59:26 PM] [32minfo[39m     tasks start
[8/21/2022, 7:59:26 PM] [32minfo[39m     tasks start
[8/21/2022, 7:59:26 PM] [32minfo[39m     tasks get ok
[8/21/2022, 7:59:26 PM] [32minfo[39m     tasks get ok
[8/21/2022, 7:59:31 PM] [32minfo[39m     newPage ok
[8/21/2022, 7:59:34 PM] [32minfo[39m     tasks start
[8/21/2022, 7:59:34 PM] [32minfo[39m     tasks get ok
[8/21/2022, 7:59:35 PM] [32minfo[39m     taskPage start
[8/21/2022, 7:59:35 PM] [32minfo[39m     get 9 ok
[8/21/2022, 7:59:37 PM] [32minfo[39m     tasks start
[8/21/2022, 7:59:37 PM] [32minfo[39m     tasks get ok
[8/21/2022, 7:59:51 PM] [32minfo[39m     taskPage start
[8/21/2022, 7:59:51 PM] [32minfo[39m     get 9 ok
[8/21/2022, 7:59:57 PM] [32minfo[39m     tasks start
[8/21/2022, 7:59:57 PM] [32minfo[39m     tasks get ok
[8/21/2022, 8:00:00 PM] [32minfo[39m     taskPage start
[8/21/2022, 8:00:00 PM] [32minfo[39m     get 13 ok
[8/21/2022, 8:00:13 PM] [32minfo[39m     put start
[8/21/2022, 8:00:13 PM] [32minfo[39m     put 13 ok
[8/21/2022, 8:01:00 PM] [32minfo[39m     put start
[8/21/2022, 8:01:00 PM] [32minfo[39m     put 13 ok
[8/21/2022, 8:01:03 PM] [32minfo[39m     tasks start
[8/21/2022, 8:01:03 PM] [32minfo[39m     tasks get ok
[8/21/2022, 8:01:41 PM] [32minfo[39m     newPage ok
[8/21/2022, 8:01:42 PM] [32minfo[39m     tasks start
[8/21/2022, 8:01:42 PM] [32minfo[39m     tasks get ok
[8/21/2022, 8:01:46 PM] [32minfo[39m     taskPage start
[8/21/2022, 8:01:46 PM] [32minfo[39m     get 14 ok
[8/21/2022, 8:01:47 PM] [32minfo[39m     tasks start
[8/21/2022, 8:01:47 PM] [32minfo[39m     tasks get ok
[8/21/2022, 8:01:49 PM] [32minfo[39m     taskPage start
[8/21/2022, 8:01:49 PM] [32minfo[39m     get 16 ok
[8/21/2022, 8:01:50 PM] [32minfo[39m     tasks start
[8/21/2022, 8:01:50 PM] [32minfo[39m     tasks get ok
[8/21/2022, 8:02:35 PM] [32minfo[39m     tasks start
[8/21/2022, 8:02:35 PM] [32minfo[39m     tasks get ok
[8/21/2022, 8:08:49 PM] [32minfo[39m     taskPage start
[8/21/2022, 8:08:49 PM] [32minfo[39m     get 9 ok
[8/21/2022, 8:08:51 PM] [32minfo[39m     tasks start
[8/21/2022, 8:08:51 PM] [32minfo[39m     tasks get ok
[8/21/2022, 8:08:55 PM] [32minfo[39m     taskPage start
[8/21/2022, 8:08:55 PM] [32minfo[39m     get 9 ok
[8/21/2022, 8:08:56 PM] [32minfo[39m     tasks start
[8/21/2022, 8:08:56 PM] [32minfo[39m     tasks get ok
[8/21/2022, 8:12:49 PM] [32minfo[39m     tasks start
[8/21/2022, 8:12:49 PM] [32minfo[39m     tasks get ok
[8/21/2022, 8:13:16 PM] [32minfo[39m     taskPage start
[8/21/2022, 8:13:16 PM] [32minfo[39m     get 9 ok
[8/21/2022, 8:13:17 PM] [32minfo[39m     tasks start
[8/21/2022, 8:13:17 PM] [32minfo[39m     tasks get ok
[8/21/2022, 8:13:18 PM] [32minfo[39m     newPage ok
[8/21/2022, 8:13:18 PM] [32minfo[39m     newPage ok
[8/21/2022, 8:13:19 PM] [32minfo[39m     tasks start
[8/21/2022, 8:13:19 PM] [32minfo[39m     tasks get ok
[8/21/2022, 8:13:22 PM] [32minfo[39m     newPage ok
[8/21/2022, 8:13:26 PM] [32minfo[39m     tasks start
[8/21/2022, 8:13:26 PM] [32minfo[39m     tasks get ok
[8/21/2022, 8:14:45 PM] [32minfo[39m     tasks start
[8/21/2022, 8:14:45 PM] [32minfo[39m     tasks get ok
[8/21/2022, 8:16:32 PM] [32minfo[39m     tasks start
[8/21/2022, 8:16:32 PM] [32minfo[39m     tasks start
[8/21/2022, 8:16:32 PM] [32minfo[39m     tasks get ok
[8/21/2022, 8:16:32 PM] [32minfo[39m     tasks get ok
[8/21/2022, 8:17:23 PM] [32minfo[39m     tasks start
[8/21/2022, 8:17:23 PM] [32minfo[39m     tasks get ok
[8/21/2022, 8:17:53 PM] [32minfo[39m     tasks start
[8/21/2022, 8:17:53 PM] [32minfo[39m     tasks get ok
[8/21/2022, 8:18:39 PM] [32minfo[39m     tasks start
[8/21/2022, 8:18:39 PM] [32minfo[39m     tasks get ok
[8/21/2022, 8:18:58 PM] [32minfo[39m     tasks start
[8/21/2022, 8:18:58 PM] [32minfo[39m     tasks get ok
[8/21/2022, 8:19:12 PM] [32minfo[39m     tasks start
[8/21/2022, 8:19:12 PM] [32minfo[39m     tasks get ok
[8/21/2022, 8:19:36 PM] [32minfo[39m     taskPage start
[8/21/2022, 8:19:36 PM] [32minfo[39m     get 9 ok
[8/21/2022, 8:20:16 PM] [32minfo[39m     taskPage start
[8/21/2022, 8:20:16 PM] [32minfo[39m     get 9 ok
[8/21/2022, 8:20:20 PM] [32minfo[39m     tasks start
[8/21/2022, 8:20:20 PM] [32minfo[39m     tasks get ok
[8/21/2022, 8:20:22 PM] [32minfo[39m     taskPage start
[8/21/2022, 8:20:22 PM] [32minfo[39m     get 9 ok
[8/21/2022, 8:20:25 PM] [32minfo[39m     tasks start
[8/21/2022, 8:20:25 PM] [32minfo[39m     tasks get ok
[8/21/2022, 8:20:32 PM] [32minfo[39m     delete start
[8/21/2022, 8:20:32 PM] [32minfo[39m     del 14 ok
[8/21/2022, 8:20:36 PM] [32minfo[39m     tasks start
[8/21/2022, 8:20:36 PM] [32minfo[39m     tasks get ok
[8/21/2022, 8:20:41 PM] [32minfo[39m     newPage ok
[8/21/2022, 8:24:10 PM] [32minfo[39m     newPage ok
[8/21/2022, 8:24:18 PM] [32minfo[39m     tasks start
[8/21/2022, 8:24:18 PM] [32minfo[39m     tasks get ok
[8/21/2022, 8:24:23 PM] [32minfo[39m     taskPage start
[8/21/2022, 8:24:23 PM] [32minfo[39m     get 9 ok
[8/21/2022, 8:24:26 PM] [32minfo[39m     tasks start
[8/21/2022, 8:24:26 PM] [32minfo[39m     tasks get ok
[8/21/2022, 8:24:31 PM] [32minfo[39m     newPage ok
[8/21/2022, 8:26:30 PM] [32minfo[39m     tasks start
[8/21/2022, 8:26:31 PM] [32minfo[39m     tasks get ok
[8/21/2022, 8:26:33 PM] [32minfo[39m     newPage ok
[8/21/2022, 8:26:34 PM] [32minfo[39m     tasks start
[8/21/2022, 8:26:34 PM] [32minfo[39m     tasks get ok
[8/21/2022, 8:28:07 PM] [32minfo[39m     newPage ok
[8/21/2022, 8:28:10 PM] [32minfo[39m     tasks start
[8/21/2022, 8:28:10 PM] [32minfo[39m     tasks get ok
[8/21/2022, 8:28:12 PM] [32minfo[39m     taskPage start
[8/21/2022, 8:28:12 PM] [32minfo[39m     get 9 ok
[8/21/2022, 8:28:19 PM] [32minfo[39m     tasks start
[8/21/2022, 8:28:19 PM] [32minfo[39m     tasks get ok
[8/21/2022, 8:28:42 PM] [32minfo[39m     taskPage start
[8/21/2022, 8:28:42 PM] [32minfo[39m     get 9 ok
[8/21/2022, 8:28:47 PM] [32minfo[39m     tasks start
[8/21/2022, 8:28:47 PM] [32minfo[39m     tasks get ok
[8/21/2022, 8:28:57 PM] [32minfo[39m     taskPage start
[8/21/2022, 8:28:57 PM] [32minfo[39m     get 9 ok
[8/21/2022, 8:29:01 PM] [32minfo[39m     tasks start
[8/21/2022, 8:29:01 PM] [32minfo[39m     tasks get ok
[8/21/2022, 8:29:03 PM] [32minfo[39m     taskPage start
[8/21/2022, 8:29:03 PM] [32minfo[39m     get 13 ok
[8/21/2022, 8:29:04 PM] [32minfo[39m     tasks start
[8/21/2022, 8:29:04 PM] [32minfo[39m     tasks get ok
[8/21/2022, 8:29:06 PM] [32minfo[39m     taskPage start
[8/21/2022, 8:29:06 PM] [32minfo[39m     get 15 ok
[8/21/2022, 8:29:18 PM] [32minfo[39m     tasks start
[8/21/2022, 8:29:18 PM] [32minfo[39m     tasks get ok
[8/21/2022, 8:29:20 PM] [32minfo[39m     taskPage start
[8/21/2022, 8:29:20 PM] [32minfo[39m     get 16 ok
[8/21/2022, 8:29:22 PM] [32minfo[39m     tasks start
[8/21/2022, 8:29:22 PM] [32minfo[39m     tasks get ok
[8/21/2022, 8:30:21 PM] [32minfo[39m     tasks start
[8/21/2022, 8:30:21 PM] [32minfo[39m     tasks get ok
[8/21/2022, 8:30:58 PM] [32minfo[39m     tasks start
[8/21/2022, 8:30:58 PM] [32minfo[39m     tasks get ok
[8/21/2022, 8:31:08 PM] [32minfo[39m     taskPage start
[8/21/2022, 8:31:08 PM] [32minfo[39m     get 9 ok
[8/21/2022, 8:31:10 PM] [32minfo[39m     tasks start
[8/21/2022, 8:31:10 PM] [32minfo[39m     tasks get ok
[8/21/2022, 8:31:15 PM] [32minfo[39m     taskPage start
[8/21/2022, 8:31:15 PM] [32minfo[39m     get 13 ok
[8/21/2022, 8:31:18 PM] [32minfo[39m     tasks start
[8/21/2022, 8:31:18 PM] [32minfo[39m     tasks get ok
[8/21/2022, 8:31:20 PM] [32minfo[39m     taskPage start
[8/21/2022, 8:31:20 PM] [32minfo[39m     get 15 ok
[8/21/2022, 8:31:22 PM] [32minfo[39m     tasks start
[8/21/2022, 8:31:22 PM] [32minfo[39m     tasks get ok
[8/21/2022, 8:31:23 PM] [32minfo[39m     taskPage start
[8/21/2022, 8:31:23 PM] [32minfo[39m     get 16 ok
[8/21/2022, 8:31:27 PM] [32minfo[39m     tasks start
[8/21/2022, 8:31:27 PM] [32minfo[39m     tasks get ok
[8/21/2022, 8:31:31 PM] [32minfo[39m     newPage ok
[8/21/2022, 8:31:36 PM] [32minfo[39m     tasks start
[8/21/2022, 8:31:36 PM] [32minfo[39m     tasks get ok
[8/21/2022, 8:32:39 PM] [32minfo[39m     tasks start
[8/21/2022, 8:32:39 PM] [32minfo[39m     tasks get ok
[8/21/2022, 8:34:27 PM] [32minfo[39m     tasks start
[8/21/2022, 8:34:27 PM] [32minfo[39m     tasks start
[8/21/2022, 8:34:27 PM] [32minfo[39m     tasks get ok
[8/21/2022, 8:34:27 PM] [32minfo[39m     tasks get ok
[8/21/2022, 8:34:38 PM] [32minfo[39m     newPage ok
[8/21/2022, 8:34:41 PM] [32minfo[39m     tasks start
[8/21/2022, 8:34:41 PM] [32minfo[39m     tasks get ok
[8/21/2022, 8:34:59 PM] [32minfo[39m     tasks start
[8/21/2022, 8:34:59 PM] [32minfo[39m     tasks get ok
[8/21/2022, 8:36:08 PM] [32minfo[39m     newPage ok
[8/21/2022, 8:36:10 PM] [32minfo[39m     tasks start
[8/21/2022, 8:36:10 PM] [32minfo[39m     tasks get ok
[8/21/2022, 8:36:12 PM] [32minfo[39m     newPage ok
[8/21/2022, 8:36:13 PM] [32minfo[39m     tasks start
[8/21/2022, 8:36:13 PM] [32minfo[39m     tasks get ok
[8/21/2022, 8:36:14 PM] [32minfo[39m     newPage ok
[8/21/2022, 8:36:15 PM] [32minfo[39m     tasks start
[8/21/2022, 8:36:15 PM] [32minfo[39m     tasks get ok
[8/21/2022, 8:36:50 PM] [32minfo[39m     newPage ok
[8/21/2022, 8:36:51 PM] [32minfo[39m     tasks start
[8/21/2022, 8:36:51 PM] [32minfo[39m     tasks get ok
[8/21/2022, 8:36:54 PM] [32minfo[39m     taskPage start
[8/21/2022, 8:36:54 PM] [32minfo[39m     get 9 ok
[8/21/2022, 8:38:07 PM] [32minfo[39m     tasks start
[8/21/2022, 8:38:07 PM] [32minfo[39m     tasks get ok
[8/22/2022, 8:52:43 AM] [32minfo[39m     tasks start
[8/22/2022, 8:52:49 AM] [32minfo[39m     tasks get ok
[8/22/2022, 8:52:54 AM] [32minfo[39m     taskPage start
[8/22/2022, 8:52:54 AM] [32minfo[39m     get 9 ok
[8/22/2022, 8:53:01 AM] [32minfo[39m     tasks start
[8/22/2022, 8:53:01 AM] [32minfo[39m     tasks get ok
[8/22/2022, 8:53:05 AM] [32minfo[39m     newPage ok
[8/22/2022, 8:53:06 AM] [32minfo[39m     tasks start
[8/22/2022, 8:53:06 AM] [32minfo[39m     tasks get ok
[8/22/2022, 8:53:09 AM] [32minfo[39m     taskPage start
[8/22/2022, 8:53:09 AM] [32minfo[39m     get 13 ok
[8/22/2022, 8:53:11 AM] [32minfo[39m     tasks start
[8/22/2022, 8:53:11 AM] [32minfo[39m     tasks get ok
[8/22/2022, 8:53:12 AM] [32minfo[39m     taskPage start
[8/22/2022, 8:53:12 AM] [32minfo[39m     get 15 ok
[8/22/2022, 8:53:15 AM] [32minfo[39m     tasks start
[8/22/2022, 8:53:15 AM] [32minfo[39m     tasks get ok
[8/22/2022, 8:53:17 AM] [32minfo[39m     taskPage start
[8/22/2022, 8:53:17 AM] [32minfo[39m     get 9 ok
[8/22/2022, 8:53:23 AM] [32minfo[39m     tasks start
[8/22/2022, 8:53:23 AM] [32minfo[39m     tasks get ok
[8/22/2022, 8:53:25 AM] [32minfo[39m     taskPage start
[8/22/2022, 8:53:25 AM] [32minfo[39m     get 16 ok
[8/22/2022, 8:53:26 AM] [32minfo[39m     tasks start
[8/22/2022, 8:53:26 AM] [32minfo[39m     tasks get ok
[8/22/2022, 8:57:55 AM] [32minfo[39m     tasks start
[8/22/2022, 8:57:56 AM] [32minfo[39m     tasks get ok
[8/22/2022, 9:18:58 AM] [32minfo[39m     taskPage start
[8/22/2022, 9:18:58 AM] [32minfo[39m     get 9 ok
[8/22/2022, 9:19:02 AM] [32minfo[39m     tasks start
[8/22/2022, 9:19:02 AM] [32minfo[39m     tasks get ok
[8/22/2022, 9:21:32 AM] [32minfo[39m     tasks start
[8/22/2022, 9:21:32 AM] [32minfo[39m     tasks get ok
[8/22/2022, 9:25:34 AM] [32minfo[39m     tasks start
[8/22/2022, 9:25:34 AM] [32minfo[39m     tasks get ok
[8/22/2022, 9:25:34 AM] [32minfo[39m     tasks start
[8/22/2022, 9:25:34 AM] [32minfo[39m     tasks get ok
[8/22/2022, 9:25:52 AM] [32minfo[39m     tasks start
[8/22/2022, 9:25:52 AM] [32minfo[39m     tasks get ok
[8/22/2022, 9:25:52 AM] [32minfo[39m     tasks start
[8/22/2022, 9:25:52 AM] [32minfo[39m     tasks get ok
[8/22/2022, 9:25:52 AM] [32minfo[39m     tasks start
[8/22/2022, 9:25:52 AM] [32minfo[39m     tasks get ok
[8/22/2022, 9:26:37 AM] [32minfo[39m     tasks start
[8/22/2022, 9:26:37 AM] [32minfo[39m     tasks get ok
[8/22/2022, 9:28:13 AM] [32minfo[39m     tasks start
[8/22/2022, 9:28:13 AM] [32minfo[39m     tasks get ok
[8/22/2022, 11:02:27 AM] [32minfo[39m     tasks start
[8/22/2022, 11:02:27 AM] [32minfo[39m     tasks start
[8/22/2022, 11:02:27 AM] [32minfo[39m     tasks get ok
[8/22/2022, 11:02:27 AM] [32minfo[39m     tasks get ok
[8/22/2022, 11:04:04 AM] [32minfo[39m     tasks start
[8/22/2022, 11:04:04 AM] [32minfo[39m     tasks get ok
[8/22/2022, 11:10:26 AM] [32minfo[39m     tasks start
[8/22/2022, 11:10:26 AM] [32minfo[39m     tasks start
[8/22/2022, 11:10:31 AM] [32minfo[39m     tasks get ok
[8/22/2022, 11:10:31 AM] [32minfo[39m     tasks get ok
[8/22/2022, 11:10:41 AM] [32minfo[39m     tasks start
[8/22/2022, 11:10:41 AM] [32minfo[39m     tasks get ok
[8/22/2022, 11:16:07 AM] [32minfo[39m     taskPage start
[8/22/2022, 11:16:07 AM] [32minfo[39m     get 9 ok
[8/22/2022, 11:16:10 AM] [32minfo[39m     tasks start
[8/22/2022, 11:16:10 AM] [32minfo[39m     tasks get ok
[8/28/2022, 12:47:57 PM] [32minfo[39m     tasks start
[8/28/2022, 12:47:57 PM] [32minfo[39m     tasks get ok
